# JRE version: OpenJDK Runtime Environment Temurin-17.0.8.1+1 (17.0.8.1+1) (build 17.0.8.1+1)
# Java VM: OpenJDK 64-Bit Server VM Temurin-17.0.8.1+1 (17.0.8.1+1, mixed mode, tiered, compressed oops, compressed class ptrs, parallel gc, windows-amd64)
GC Precious Log:
 CPUs: 2 total, 2 available
 Memory: 6033M
 Large Page Support: Disabled
 NUMA Support: Disabled
 Compressed Oops: Enabled (32-bit)
 Alignments: Space 512K, Generation 512K, Heap 2M
 Heap Min Capacity: 100M
 Heap Initial Capacity: 100M
 Heap Max Capacity: 1G
 Pre-touch: Disabled
 Parallel Workers: 2
Heap:
 PSYoungGen      total 2048K, used 512K [0x00000000eab00000, 0x00000000eb080000, 0x0000000100000000)
  eden space 1536K, 0% used [0x00000000eab00000,0x00000000eab00000,0x00000000eac80000)
  from space 512K, 100% used [0x00000000eae00000,0x00000000eae80000,0x00000000eae80000)
  to   space 1536K, 0% used [0x00000000eac80000,0x00000000eac80000,0x00000000eae00000)
 ParOldGen       total 81408K, used 80753K [0x00000000c0000000, 0x00000000c4f80000, 0x00000000eab00000)
  object space 81408K, 99% used [0x00000000c0000000,0x00000000c4edc440,0x00000000c4f80000)
 Metaspace       used 83332K, committed 84608K, reserved 1179648K
  class space    used 8583K, committed 9152K, reserved 1048576K
GC Heap History (20 events):
Event: 333.402 GC heap after
{Heap after GC invocations=982 (full 24):
 PSYoungGen      total 1024K, used 96K [0x00000000eab00000, 0x00000000eae00000, 0x0000000100000000)
  eden space 512K, 0% used [0x00000000eab00000,0x00000000eab00000,0x00000000eab80000)
  from space 512K, 18% used [0x00000000eab80000,0x00000000eab98000,0x00000000eac00000)
  to   space 1024K, 0% used [0x00000000ead00000,0x00000000ead00000,0x00000000eae00000)
 ParOldGen       total 81408K, used 77195K [0x00000000c0000000, 0x00000000c4f80000, 0x00000000eab00000)
  object space 81408K, 94% used [0x00000000c0000000,0x00000000c4b62d58,0x00000000c4f80000)
 Metaspace       used 83330K, committed 84608K, reserved 1179648K
  class space    used 8583K, committed 9152K, reserved 1048576K
}
Event: 333.415 GC heap before
{Heap before GC invocations=983 (full 24):
 PSYoungGen      total 1024K, used 608K [0x00000000eab00000, 0x00000000eae00000, 0x0000000100000000)
  eden space 512K, 100% used [0x00000000eab00000,0x00000000eab80000,0x00000000eab80000)
  from space 512K, 18% used [0x00000000eab80000,0x00000000eab98000,0x00000000eac00000)
  to   space 1024K, 0% used [0x00000000ead00000,0x00000000ead00000,0x00000000eae00000)
 ParOldGen       total 81408K, used 77195K [0x00000000c0000000, 0x00000000c4f80000, 0x00000000eab00000)
  object space 81408K, 94% used [0x00000000c0000000,0x00000000c4b62d58,0x00000000c4f80000)
 Metaspace       used 83330K, committed 84608K, reserved 1179648K
  class space    used 8583K, committed 9152K, reserved 1048576K
}
Event: 333.417 GC heap after
{Heap after GC invocations=983 (full 24):
 PSYoungGen      total 1536K, used 288K [0x00000000eab00000, 0x00000000ead80000, 0x0000000100000000)
  eden space 1024K, 0% used [0x00000000eab00000,0x00000000eab00000,0x00000000eac00000)
  from space 512K, 56% used [0x00000000ead00000,0x00000000ead48000,0x00000000ead80000)
  to   space 512K, 0% used [0x00000000eac80000,0x00000000eac80000,0x00000000ead00000)
 ParOldGen       total 81408K, used 77259K [0x00000000c0000000, 0x00000000c4f80000, 0x00000000eab00000)
  object space 81408K, 94% used [0x00000000c0000000,0x00000000c4b72d58,0x00000000c4f80000)
 Metaspace       used 83330K, committed 84608K, reserved 1179648K
  class space    used 8583K, committed 9152K, reserved 1048576K
}
Event: 333.429 GC heap before
{Heap before GC invocations=984 (full 24):
 PSYoungGen      total 1536K, used 1312K [0x00000000eab00000, 0x00000000ead80000, 0x0000000100000000)
  eden space 1024K, 100% used [0x00000000eab00000,0x00000000eac00000,0x00000000eac00000)
  from space 512K, 56% used [0x00000000ead00000,0x00000000ead48000,0x00000000ead80000)
  to   space 512K, 0% used [0x00000000eac80000,0x00000000eac80000,0x00000000ead00000)
 ParOldGen       total 81408K, used 77259K [0x00000000c0000000, 0x00000000c4f80000, 0x00000000eab00000)
  object space 81408K, 94% used [0x00000000c0000000,0x00000000c4b72d58,0x00000000c4f80000)
 Metaspace       used 83330K, committed 84608K, reserved 1179648K
  class space    used 8583K, committed 9152K, reserved 1048576K
}
Event: 333.433 GC heap after
{Heap after GC invocations=984 (full 24):
 PSYoungGen      total 2048K, used 496K [0x00000000eab00000, 0x00000000eae80000, 0x0000000100000000)
  eden space 1536K, 0% used [0x00000000eab00000,0x00000000eab00000,0x00000000eac80000)
  from space 512K, 96% used [0x00000000eac80000,0x00000000eacfc010,0x00000000ead00000)
  to   space 1024K, 0% used [0x00000000ead80000,0x00000000ead80000,0x00000000eae80000)
 ParOldGen       total 81408K, used 77541K [0x00000000c0000000, 0x00000000c4f80000, 0x00000000eab00000)
  object space 81408K, 95% used [0x00000000c0000000,0x00000000c4bb9410,0x00000000c4f80000)
 Metaspace       used 83330K, committed 84608K, reserved 1179648K
  class space    used 8583K, committed 9152K, reserved 1048576K
}
Event: 333.451 GC heap before
{Heap before GC invocations=985 (full 24):
 PSYoungGen      total 2048K, used 2032K [0x00000000eab00000, 0x00000000eae80000, 0x0000000100000000)
  eden space 1536K, 100% used [0x00000000eab00000,0x00000000eac80000,0x00000000eac80000)
  from space 512K, 96% used [0x00000000eac80000,0x00000000eacfc010,0x00000000ead00000)
  to   space 1024K, 0% used [0x00000000ead80000,0x00000000ead80000,0x00000000eae80000)
 ParOldGen       total 81408K, used 77541K [0x00000000c0000000, 0x00000000c4f80000, 0x00000000eab00000)
  object space 81408K, 95% used [0x00000000c0000000,0x00000000c4bb9410,0x00000000c4f80000)
 Metaspace       used 83330K, committed 84608K, reserved 1179648K
  class space    used 8583K, committed 9152K, reserved 1048576K
}
Event: 333.457 GC heap after
{Heap after GC invocations=985 (full 24):
 PSYoungGen      total 2560K, used 864K [0x00000000eab00000, 0x00000000eaf00000, 0x0000000100000000)
  eden space 1536K, 0% used [0x00000000eab00000,0x00000000eab00000,0x00000000eac80000)
  from space 1024K, 84% used [0x00000000ead80000,0x00000000eae58000,0x00000000eae80000)
  to   space 1024K, 0% used [0x00000000eac80000,0x00000000eac80000,0x00000000ead80000)
 ParOldGen       total 81408K, used 78037K [0x00000000c0000000, 0x00000000c4f80000, 0x00000000eab00000)
  object space 81408K, 95% used [0x00000000c0000000,0x00000000c4c35430,0x00000000c4f80000)
 Metaspace       used 83330K, committed 84608K, reserved 1179648K
  class space    used 8583K, committed 9152K, reserved 1048576K
}
Event: 333.567 GC heap before
{Heap before GC invocations=986 (full 24):
 PSYoungGen      total 2560K, used 2400K [0x00000000eab00000, 0x00000000eaf00000, 0x0000000100000000)
  eden space 1536K, 100% used [0x00000000eab00000,0x00000000eac80000,0x00000000eac80000)
  from space 1024K, 84% used [0x00000000ead80000,0x00000000eae58000,0x00000000eae80000)
  to   space 1024K, 0% used [0x00000000eac80000,0x00000000eac80000,0x00000000ead80000)
 ParOldGen       total 81408K, used 78037K [0x00000000c0000000, 0x00000000c4f80000, 0x00000000eab00000)
  object space 81408K, 95% used [0x00000000c0000000,0x00000000c4c35430,0x00000000c4f80000)
 Metaspace       used 83331K, committed 84608K, reserved 1179648K
  class space    used 8583K, committed 9152K, reserved 1048576K
}
Event: 333.572 GC heap after
{Heap after GC invocations=986 (full 24):
 PSYoungGen      total 2560K, used 512K [0x00000000eab00000, 0x00000000eaf00000, 0x0000000100000000)
  eden space 1536K, 0% used [0x00000000eab00000,0x00000000eab00000,0x00000000eac80000)
  from space 1024K, 50% used [0x00000000eac80000,0x00000000ead00000,0x00000000ead80000)
  to   space 1024K, 0% used [0x00000000eae00000,0x00000000eae00000,0x00000000eaf00000)
 ParOldGen       total 81408K, used 78901K [0x00000000c0000000, 0x00000000c4f80000, 0x00000000eab00000)
  object space 81408K, 96% used [0x00000000c0000000,0x00000000c4d0d430,0x00000000c4f80000)
 Metaspace       used 83331K, committed 84608K, reserved 1179648K
  class space    used 8583K, committed 9152K, reserved 1048576K
}
Event: 333.600 GC heap before
{Heap before GC invocations=987 (full 24):
 PSYoungGen      total 2560K, used 2048K [0x00000000eab00000, 0x00000000eaf00000, 0x0000000100000000)
  eden space 1536K, 100% used [0x00000000eab00000,0x00000000eac80000,0x00000000eac80000)
  from space 1024K, 50% used [0x00000000eac80000,0x00000000ead00000,0x00000000ead80000)
  to   space 1024K, 0% used [0x00000000eae00000,0x00000000eae00000,0x00000000eaf00000)
 ParOldGen       total 81408K, used 78901K [0x00000000c0000000, 0x00000000c4f80000, 0x00000000eab00000)
  object space 81408K, 96% used [0x00000000c0000000,0x00000000c4d0d430,0x00000000c4f80000)
 Metaspace       used 83331K, committed 84608K, reserved 1179648K
  class space    used 8583K, committed 9152K, reserved 1048576K
}
Event: 333.603 GC heap after
{Heap after GC invocations=987 (full 24):
 PSYoungGen      total 3072K, used 608K [0x00000000eab00000, 0x00000000eaf00000, 0x0000000100000000)
  eden space 2048K, 0% used [0x00000000eab00000,0x00000000eab00000,0x00000000ead00000)
  from space 1024K, 59% used [0x00000000eae00000,0x00000000eae98000,0x00000000eaf00000)
  to   space 1024K, 0% used [0x00000000ead00000,0x00000000ead00000,0x00000000eae00000)
 ParOldGen       total 81408K, used 79397K [0x00000000c0000000, 0x00000000c4f80000, 0x00000000eab00000)
  object space 81408K, 97% used [0x00000000c0000000,0x00000000c4d89430,0x00000000c4f80000)
 Metaspace       used 83331K, committed 84608K, reserved 1179648K
  class space    used 8583K, committed 9152K, reserved 1048576K
}
Event: 333.668 GC heap before
{Heap before GC invocations=988 (full 24):
 PSYoungGen      total 3072K, used 2656K [0x00000000eab00000, 0x00000000eaf00000, 0x0000000100000000)
  eden space 2048K, 100% used [0x00000000eab00000,0x00000000ead00000,0x00000000ead00000)
  from space 1024K, 59% used [0x00000000eae00000,0x00000000eae98000,0x00000000eaf00000)
  to   space 1024K, 0% used [0x00000000ead00000,0x00000000ead00000,0x00000000eae00000)
 ParOldGen       total 81408K, used 79397K [0x00000000c0000000, 0x00000000c4f80000, 0x00000000eab00000)
  object space 81408K, 97% used [0x00000000c0000000,0x00000000c4d89430,0x00000000c4f80000)
 Metaspace       used 83331K, committed 84608K, reserved 1179648K
  class space    used 8583K, committed 9152K, reserved 1048576K
}
Event: 333.673 GC heap after
{Heap after GC invocations=988 (full 24):
 PSYoungGen      total 3072K, used 160K [0x00000000eab00000, 0x00000000eae80000, 0x0000000100000000)
  eden space 2048K, 0% used [0x00000000eab00000,0x00000000eab00000,0x00000000ead00000)
  from space 1024K, 15% used [0x00000000ead00000,0x00000000ead28000,0x00000000eae00000)
  to   space 512K, 0% used [0x00000000eae00000,0x00000000eae00000,0x00000000eae80000)
 ParOldGen       total 81408K, used 79957K [0x00000000c0000000, 0x00000000c4f80000, 0x00000000eab00000)
  object space 81408K, 98% used [0x00000000c0000000,0x00000000c4e15430,0x00000000c4f80000)
 Metaspace       used 83331K, committed 84608K, reserved 1179648K
  class space    used 8583K, committed 9152K, reserved 1048576K
}
Event: 333.715 GC heap before
{Heap before GC invocations=989 (full 24):
 PSYoungGen      total 3072K, used 2208K [0x00000000eab00000, 0x00000000eae80000, 0x0000000100000000)
  eden space 2048K, 100% used [0x00000000eab00000,0x00000000ead00000,0x00000000ead00000)
  from space 1024K, 15% used [0x00000000ead00000,0x00000000ead28000,0x00000000eae00000)
  to   space 512K, 0% used [0x00000000eae00000,0x00000000eae00000,0x00000000eae80000)
 ParOldGen       total 81408K, used 79957K [0x00000000c0000000, 0x00000000c4f80000, 0x00000000eab00000)
  object space 81408K, 98% used [0x00000000c0000000,0x00000000c4e15430,0x00000000c4f80000)
 Metaspace       used 83331K, committed 84608K, reserved 1179648K
  class space    used 8583K, committed 9152K, reserved 1048576K
}
Event: 333.717 GC heap after
{Heap after GC invocations=989 (full 24):
 PSYoungGen      total 2560K, used 96K [0x00000000eab00000, 0x00000000eae80000, 0x0000000100000000)
  eden space 2048K, 0% used [0x00000000eab00000,0x00000000eab00000,0x00000000ead00000)
  from space 512K, 18% used [0x00000000eae00000,0x00000000eae18000,0x00000000eae80000)
  to   space 512K, 0% used [0x00000000ead80000,0x00000000ead80000,0x00000000eae00000)
 ParOldGen       total 81408K, used 80089K [0x00000000c0000000, 0x00000000c4f80000, 0x00000000eab00000)
  object space 81408K, 98% used [0x00000000c0000000,0x00000000c4e36440,0x00000000c4f80000)
 Metaspace       used 83331K, committed 84608K, reserved 1179648K
  class space    used 8583K, committed 9152K, reserved 1048576K
}
Event: 333.747 GC heap before
{Heap before GC invocations=990 (full 24):
 PSYoungGen      total 2560K, used 2144K [0x00000000eab00000, 0x00000000eae80000, 0x0000000100000000)
  eden space 2048K, 100% used [0x00000000eab00000,0x00000000ead00000,0x00000000ead00000)
  from space 512K, 18% used [0x00000000eae00000,0x00000000eae18000,0x00000000eae80000)
  to   space 512K, 0% used [0x00000000ead80000,0x00000000ead80000,0x00000000eae00000)
 ParOldGen       total 81408K, used 80089K [0x00000000c0000000, 0x00000000c4f80000, 0x00000000eab00000)
  object space 81408K, 98% used [0x00000000c0000000,0x00000000c4e36440,0x00000000c4f80000)
 Metaspace       used 83332K, committed 84608K, reserved 1179648K
  class space    used 8583K, committed 9152K, reserved 1048576K
}
Event: 333.750 GC heap after
{Heap after GC invocations=990 (full 24):
 PSYoungGen      total 2560K, used 64K [0x00000000eab00000, 0x00000000eae80000, 0x0000000100000000)
  eden space 2048K, 0% used [0x00000000eab00000,0x00000000eab00000,0x00000000ead00000)
  from space 512K, 12% used [0x00000000ead80000,0x00000000ead90000,0x00000000eae00000)
  to   space 512K, 0% used [0x00000000eae00000,0x00000000eae00000,0x00000000eae80000)
 ParOldGen       total 81408K, used 80121K [0x00000000c0000000, 0x00000000c4f80000, 0x00000000eab00000)
  object space 81408K, 98% used [0x00000000c0000000,0x00000000c4e3e440,0x00000000c4f80000)
 Metaspace       used 83332K, committed 84608K, reserved 1179648K
  class space    used 8583K, committed 9152K, reserved 1048576K
}
Event: 333.785 GC heap before
{Heap before GC invocations=991 (full 24):
 PSYoungGen      total 2560K, used 2112K [0x00000000eab00000, 0x00000000eae80000, 0x0000000100000000)
  eden space 2048K, 100% used [0x00000000eab00000,0x00000000ead00000,0x00000000ead00000)
  from space 512K, 12% used [0x00000000ead80000,0x00000000ead90000,0x00000000eae00000)
  to   space 512K, 0% used [0x00000000eae00000,0x00000000eae00000,0x00000000eae80000)
 ParOldGen       total 81408K, used 80121K [0x00000000c0000000, 0x00000000c4f80000, 0x00000000eab00000)
  object space 81408K, 98% used [0x00000000c0000000,0x00000000c4e3e440,0x00000000c4f80000)
 Metaspace       used 83332K, committed 84608K, reserved 1179648K
  class space    used 8583K, committed 9152K, reserved 1048576K
}
Event: 333.791 GC heap after
{Heap after GC invocations=991 (full 24):
 PSYoungGen      total 2048K, used 512K [0x00000000eab00000, 0x00000000eb080000, 0x0000000100000000)
  eden space 1536K, 0% used [0x00000000eab00000,0x00000000eab00000,0x00000000eac80000)
  from space 512K, 100% used [0x00000000eae00000,0x00000000eae80000,0x00000000eae80000)
  to   space 1536K, 0% used [0x00000000eac80000,0x00000000eac80000,0x00000000eae00000)
 ParOldGen       total 81408K, used 80753K [0x00000000c0000000, 0x00000000c4f80000, 0x00000000eab00000)
  object space 81408K, 99% used [0x00000000c0000000,0x00000000c4edc440,0x00000000c4f80000)
 Metaspace       used 83332K, committed 84608K, reserved 1179648K
  class space    used 8583K, committed 9152K, reserved 1048576K
}
Event: 333.791 GC heap before
{Heap before GC invocations=992 (full 25):
 PSYoungGen      total 2048K, used 512K [0x00000000eab00000, 0x00000000eb080000, 0x0000000100000000)
  eden space 1536K, 0% used [0x00000000eab00000,0x00000000eab00000,0x00000000eac80000)
  from space 512K, 100% used [0x00000000eae00000,0x00000000eae80000,0x00000000eae80000)
  to   space 1536K, 0% used [0x00000000eac80000,0x00000000eac80000,0x00000000eae00000)
 ParOldGen       total 81408K, used 80753K [0x00000000c0000000, 0x00000000c4f80000, 0x00000000eab00000)
  object space 81408K, 99% used [0x00000000c0000000,0x00000000c4edc440,0x00000000c4f80000)
 Metaspace       used 83332K, committed 84608K, reserved 1179648K
  class space    used 8583K, committed 9152K, reserved 1048576K
}

