# JRE version: OpenJDK Runtime Environment Temurin-17.0.8.1+1 (17.0.8.1+1) (build 17.0.8.1+1)
# Java VM: OpenJDK 64-Bit Server VM Temurin-17.0.8.1+1 (17.0.8.1+1, mixed mode, tiered, compressed oops, compressed class ptrs, parallel gc, windows-amd64)
GC Precious Log:
 CPUs: 2 total, 2 available
 Memory: 6033M
 Large Page Support: Disabled
 NUMA Support: Disabled
 Compressed Oops: Enabled (32-bit)
 Alignments: Space 512K, Generation 512K, Heap 2M
 Heap Min Capacity: 100M
 Heap Initial Capacity: 100M
 Heap Max Capacity: 1G
 Pre-touch: Disabled
 Parallel Workers: 2
Heap:
 PSYoungGen      total 1536K, used 145K [0x00000000eab00000, 0x00000000eaf80000, 0x0000000100000000)
  eden space 1024K, 0% used [0x00000000eab00000,0x00000000eab00410,0x00000000eac00000)
  from space 512K, 28% used [0x00000000eaf00000,0x00000000eaf24010,0x00000000eaf80000)
  to   space 1024K, 0% used [0x00000000ead80000,0x00000000ead80000,0x00000000eae80000)
 ParOldGen       total 88064K, used 64539K [0x00000000c0000000, 0x00000000c5600000, 0x00000000eab00000)
  object space 88064K, 73% used [0x00000000c0000000,0x00000000c3f06f50,0x00000000c5600000)
 Metaspace       used 84093K, committed 85376K, reserved 1179648K
  class space    used 8635K, committed 9216K, reserved 1048576K
GC Heap History (20 events):
Event: 373.934 GC heap after
{Heap after GC invocations=810 (full 23):
 PSYoungGen      total 5120K, used 2304K [0x00000000eab00000, 0x00000000eb280000, 0x0000000100000000)
  eden space 2560K, 0% used [0x00000000eab00000,0x00000000eab00000,0x00000000ead80000)
  from space 2560K, 90% used [0x00000000ead80000,0x00000000eafc0000,0x00000000eb000000)
  to   space 2560K, 0% used [0x00000000eb000000,0x00000000eb000000,0x00000000eb280000)
 ParOldGen       total 90624K, used 85353K [0x00000000c0000000, 0x00000000c5880000, 0x00000000eab00000)
  object space 90624K, 94% used [0x00000000c0000000,0x00000000c535a4c0,0x00000000c5880000)
 Metaspace       used 84085K, committed 85312K, reserved 1179648K
  class space    used 8634K, committed 9216K, reserved 1048576K
}
Event: 373.975 GC heap before
{Heap before GC invocations=811 (full 23):
 PSYoungGen      total 5120K, used 4864K [0x00000000eab00000, 0x00000000eb280000, 0x0000000100000000)
  eden space 2560K, 100% used [0x00000000eab00000,0x00000000ead80000,0x00000000ead80000)
  from space 2560K, 90% used [0x00000000ead80000,0x00000000eafc0000,0x00000000eb000000)
  to   space 2560K, 0% used [0x00000000eb000000,0x00000000eb000000,0x00000000eb280000)
 ParOldGen       total 90624K, used 85353K [0x00000000c0000000, 0x00000000c5880000, 0x00000000eab00000)
  object space 90624K, 94% used [0x00000000c0000000,0x00000000c535a4c0,0x00000000c5880000)
 Metaspace       used 84085K, committed 85312K, reserved 1179648K
  class space    used 8634K, committed 9216K, reserved 1048576K
}
Event: 373.988 GC heap after
{Heap after GC invocations=811 (full 23):
 PSYoungGen      total 3072K, used 2531K [0x00000000eab00000, 0x00000000eb800000, 0x0000000100000000)
  eden space 512K, 0% used [0x00000000eab00000,0x00000000eab00000,0x00000000eab80000)
  from space 2560K, 98% used [0x00000000eb000000,0x00000000eb278c10,0x00000000eb280000)
  to   space 4608K, 0% used [0x00000000eab80000,0x00000000eab80000,0x00000000eb000000)
 ParOldGen       total 90624K, used 87102K [0x00000000c0000000, 0x00000000c5880000, 0x00000000eab00000)
  object space 90624K, 96% used [0x00000000c0000000,0x00000000c550f940,0x00000000c5880000)
 Metaspace       used 84085K, committed 85312K, reserved 1179648K
  class space    used 8634K, committed 9216K, reserved 1048576K
}
Event: 374.065 GC heap before
{Heap before GC invocations=812 (full 23):
 PSYoungGen      total 3072K, used 3043K [0x00000000eab00000, 0x00000000eb800000, 0x0000000100000000)
  eden space 512K, 100% used [0x00000000eab00000,0x00000000eab80000,0x00000000eab80000)
  from space 2560K, 98% used [0x00000000eb000000,0x00000000eb278c10,0x00000000eb280000)
  to   space 4608K, 0% used [0x00000000eab80000,0x00000000eab80000,0x00000000eb000000)
 ParOldGen       total 90624K, used 87102K [0x00000000c0000000, 0x00000000c5880000, 0x00000000eab00000)
  object space 90624K, 96% used [0x00000000c0000000,0x00000000c550f940,0x00000000c5880000)
 Metaspace       used 84085K, committed 85312K, reserved 1179648K
  class space    used 8634K, committed 9216K, reserved 1048576K
}
Event: 374.072 GC heap after
{Heap after GC invocations=812 (full 23):
 PSYoungGen      total 2560K, used 1987K [0x00000000eab00000, 0x00000000eb180000, 0x0000000100000000)
  eden space 512K, 0% used [0x00000000eab00000,0x00000000eab00000,0x00000000eab80000)
  from space 2048K, 97% used [0x00000000eab80000,0x00000000ead70c10,0x00000000ead80000)
  to   space 3072K, 0% used [0x00000000eae80000,0x00000000eae80000,0x00000000eb180000)
 ParOldGen       total 90624K, used 88146K [0x00000000c0000000, 0x00000000c5880000, 0x00000000eab00000)
  object space 90624K, 97% used [0x00000000c0000000,0x00000000c5614950,0x00000000c5880000)
 Metaspace       used 84085K, committed 85312K, reserved 1179648K
  class space    used 8634K, committed 9216K, reserved 1048576K
}
Event: 375.718 GC heap before
{Heap before GC invocations=813 (full 23):
 PSYoungGen      total 2560K, used 2499K [0x00000000eab00000, 0x00000000eb180000, 0x0000000100000000)
  eden space 512K, 100% used [0x00000000eab00000,0x00000000eab80000,0x00000000eab80000)
  from space 2048K, 97% used [0x00000000eab80000,0x00000000ead70c10,0x00000000ead80000)
  to   space 3072K, 0% used [0x00000000eae80000,0x00000000eae80000,0x00000000eb180000)
 ParOldGen       total 90624K, used 88146K [0x00000000c0000000, 0x00000000c5880000, 0x00000000eab00000)
  object space 90624K, 97% used [0x00000000c0000000,0x00000000c5614950,0x00000000c5880000)
 Metaspace       used 84085K, committed 85312K, reserved 1179648K
  class space    used 8634K, committed 9216K, reserved 1048576K
}
Event: 375.722 GC heap after
{Heap after GC invocations=813 (full 23):
 PSYoungGen      total 3072K, used 2051K [0x00000000eab00000, 0x00000000eb100000, 0x0000000100000000)
  eden space 512K, 0% used [0x00000000eab00000,0x00000000eab00000,0x00000000eab80000)
  from space 2560K, 80% used [0x00000000eae80000,0x00000000eb080c10,0x00000000eb100000)
  to   space 2560K, 0% used [0x00000000eac00000,0x00000000eac00000,0x00000000eae80000)
 ParOldGen       total 90624K, used 88170K [0x00000000c0000000, 0x00000000c5880000, 0x00000000eab00000)
  object space 90624K, 97% used [0x00000000c0000000,0x00000000c561a950,0x00000000c5880000)
 Metaspace       used 84085K, committed 85312K, reserved 1179648K
  class space    used 8634K, committed 9216K, reserved 1048576K
}
Event: 375.725 GC heap before
{Heap before GC invocations=814 (full 23):
 PSYoungGen      total 3072K, used 2563K [0x00000000eab00000, 0x00000000eb100000, 0x0000000100000000)
  eden space 512K, 100% used [0x00000000eab00000,0x00000000eab80000,0x00000000eab80000)
  from space 2560K, 80% used [0x00000000eae80000,0x00000000eb080c10,0x00000000eb100000)
  to   space 2560K, 0% used [0x00000000eac00000,0x00000000eac00000,0x00000000eae80000)
 ParOldGen       total 90624K, used 88170K [0x00000000c0000000, 0x00000000c5880000, 0x00000000eab00000)
  object space 90624K, 97% used [0x00000000c0000000,0x00000000c561a950,0x00000000c5880000)
 Metaspace       used 84085K, committed 85312K, reserved 1179648K
  class space    used 8634K, committed 9216K, reserved 1048576K
}
Event: 375.729 GC heap after
{Heap after GC invocations=814 (full 23):
 PSYoungGen      total 3584K, used 2371K [0x00000000eab00000, 0x00000000eb100000, 0x0000000100000000)
  eden space 1024K, 0% used [0x00000000eab00000,0x00000000eab00000,0x00000000eac00000)
  from space 2560K, 92% used [0x00000000eac00000,0x00000000eae50c10,0x00000000eae80000)
  to   space 2560K, 0% used [0x00000000eae80000,0x00000000eae80000,0x00000000eb100000)
 ParOldGen       total 90624K, used 88343K [0x00000000c0000000, 0x00000000c5880000, 0x00000000eab00000)
  object space 90624K, 97% used [0x00000000c0000000,0x00000000c5645dd0,0x00000000c5880000)
 Metaspace       used 84085K, committed 85312K, reserved 1179648K
  class space    used 8634K, committed 9216K, reserved 1048576K
}
Event: 375.738 GC heap before
{Heap before GC invocations=815 (full 23):
 PSYoungGen      total 3584K, used 3395K [0x00000000eab00000, 0x00000000eb100000, 0x0000000100000000)
  eden space 1024K, 100% used [0x00000000eab00000,0x00000000eac00000,0x00000000eac00000)
  from space 2560K, 92% used [0x00000000eac00000,0x00000000eae50c10,0x00000000eae80000)
  to   space 2560K, 0% used [0x00000000eae80000,0x00000000eae80000,0x00000000eb100000)
 ParOldGen       total 90624K, used 88343K [0x00000000c0000000, 0x00000000c5880000, 0x00000000eab00000)
  object space 90624K, 97% used [0x00000000c0000000,0x00000000c5645dd0,0x00000000c5880000)
 Metaspace       used 84085K, committed 85312K, reserved 1179648K
  class space    used 8634K, committed 9216K, reserved 1048576K
}
Event: 375.741 GC heap after
{Heap after GC invocations=815 (full 23):
 PSYoungGen      total 2048K, used 192K [0x00000000eab00000, 0x00000000eaf00000, 0x0000000100000000)
  eden space 1536K, 0% used [0x00000000eab00000,0x00000000eab00000,0x00000000eac80000)
  from space 512K, 37% used [0x00000000eae80000,0x00000000eaeb0000,0x00000000eaf00000)
  to   space 1024K, 0% used [0x00000000ead00000,0x00000000ead00000,0x00000000eae00000)
 ParOldGen       total 90624K, used 88487K [0x00000000c0000000, 0x00000000c5880000, 0x00000000eab00000)
  object space 90624K, 97% used [0x00000000c0000000,0x00000000c5669dd0,0x00000000c5880000)
 Metaspace       used 84085K, committed 85312K, reserved 1179648K
  class space    used 8634K, committed 9216K, reserved 1048576K
}
Event: 376.399 GC heap before
{Heap before GC invocations=816 (full 23):
 PSYoungGen      total 2048K, used 1727K [0x00000000eab00000, 0x00000000eaf00000, 0x0000000100000000)
  eden space 1536K, 99% used [0x00000000eab00000,0x00000000eac7fff8,0x00000000eac80000)
  from space 512K, 37% used [0x00000000eae80000,0x00000000eaeb0000,0x00000000eaf00000)
  to   space 1024K, 0% used [0x00000000ead00000,0x00000000ead00000,0x00000000eae00000)
 ParOldGen       total 90624K, used 88487K [0x00000000c0000000, 0x00000000c5880000, 0x00000000eab00000)
  object space 90624K, 97% used [0x00000000c0000000,0x00000000c5669dd0,0x00000000c5880000)
 Metaspace       used 84088K, committed 85312K, reserved 1179648K
  class space    used 8634K, committed 9216K, reserved 1048576K
}
Event: 376.401 GC heap after
{Heap after GC invocations=816 (full 23):
 PSYoungGen      total 3072K, used 256K [0x00000000eab00000, 0x00000000eaf00000, 0x0000000100000000)
  eden space 2048K, 0% used [0x00000000eab00000,0x00000000eab00000,0x00000000ead00000)
  from space 1024K, 25% used [0x00000000ead00000,0x00000000ead40000,0x00000000eae00000)
  to   space 512K, 0% used [0x00000000eae80000,0x00000000eae80000,0x00000000eaf00000)
 ParOldGen       total 90624K, used 88495K [0x00000000c0000000, 0x00000000c5880000, 0x00000000eab00000)
  object space 90624K, 97% used [0x00000000c0000000,0x00000000c566bdd0,0x00000000c5880000)
 Metaspace       used 84088K, committed 85312K, reserved 1179648K
  class space    used 8634K, committed 9216K, reserved 1048576K
}
Event: 376.416 GC heap before
{Heap before GC invocations=817 (full 23):
 PSYoungGen      total 3072K, used 2304K [0x00000000eab00000, 0x00000000eaf00000, 0x0000000100000000)
  eden space 2048K, 100% used [0x00000000eab00000,0x00000000ead00000,0x00000000ead00000)
  from space 1024K, 25% used [0x00000000ead00000,0x00000000ead40000,0x00000000eae00000)
  to   space 512K, 0% used [0x00000000eae80000,0x00000000eae80000,0x00000000eaf00000)
 ParOldGen       total 90624K, used 88495K [0x00000000c0000000, 0x00000000c5880000, 0x00000000eab00000)
  object space 90624K, 97% used [0x00000000c0000000,0x00000000c566bdd0,0x00000000c5880000)
 Metaspace       used 84088K, committed 85312K, reserved 1179648K
  class space    used 8634K, committed 9216K, reserved 1048576K
}
Event: 376.419 GC heap after
{Heap after GC invocations=817 (full 23):
 PSYoungGen      total 3072K, used 496K [0x00000000eab00000, 0x00000000eaf80000, 0x0000000100000000)
  eden space 2560K, 0% used [0x00000000eab00000,0x00000000eab00000,0x00000000ead80000)
  from space 512K, 96% used [0x00000000eae80000,0x00000000eaefc010,0x00000000eaf00000)
  to   space 1024K, 0% used [0x00000000ead80000,0x00000000ead80000,0x00000000eae80000)
 ParOldGen       total 90624K, used 88631K [0x00000000c0000000, 0x00000000c5880000, 0x00000000eab00000)
  object space 90624K, 97% used [0x00000000c0000000,0x00000000c568ddd0,0x00000000c5880000)
 Metaspace       used 84088K, committed 85312K, reserved 1179648K
  class space    used 8634K, committed 9216K, reserved 1048576K
}
Event: 376.566 GC heap before
{Heap before GC invocations=818 (full 23):
 PSYoungGen      total 3072K, used 2866K [0x00000000eab00000, 0x00000000eaf80000, 0x0000000100000000)
  eden space 2560K, 92% used [0x00000000eab00000,0x00000000ead50b20,0x00000000ead80000)
  from space 512K, 96% used [0x00000000eae80000,0x00000000eaefc010,0x00000000eaf00000)
  to   space 1024K, 0% used [0x00000000ead80000,0x00000000ead80000,0x00000000eae80000)
 ParOldGen       total 90624K, used 88631K [0x00000000c0000000, 0x00000000c5880000, 0x00000000eab00000)
  object space 90624K, 97% used [0x00000000c0000000,0x00000000c568ddd0,0x00000000c5880000)
 Metaspace       used 84093K, committed 85376K, reserved 1179648K
  class space    used 8635K, committed 9216K, reserved 1048576K
}
Event: 376.570 GC heap after
{Heap after GC invocations=818 (full 23):
 PSYoungGen      total 3584K, used 608K [0x00000000eab00000, 0x00000000eb000000, 0x0000000100000000)
  eden space 2560K, 0% used [0x00000000eab00000,0x00000000eab00000,0x00000000ead80000)
  from space 1024K, 59% used [0x00000000ead80000,0x00000000eae18000,0x00000000eae80000)
  to   space 1024K, 0% used [0x00000000eaf00000,0x00000000eaf00000,0x00000000eb000000)
 ParOldGen       total 90624K, used 89068K [0x00000000c0000000, 0x00000000c5880000, 0x00000000eab00000)
  object space 90624K, 98% used [0x00000000c0000000,0x00000000c56fb270,0x00000000c5880000)
 Metaspace       used 84093K, committed 85376K, reserved 1179648K
  class space    used 8635K, committed 9216K, reserved 1048576K
}
Event: 376.626 GC heap before
{Heap before GC invocations=819 (full 23):
 PSYoungGen      total 3584K, used 3168K [0x00000000eab00000, 0x00000000eb000000, 0x0000000100000000)
  eden space 2560K, 100% used [0x00000000eab00000,0x00000000ead80000,0x00000000ead80000)
  from space 1024K, 59% used [0x00000000ead80000,0x00000000eae18000,0x00000000eae80000)
  to   space 1024K, 0% used [0x00000000eaf00000,0x00000000eaf00000,0x00000000eb000000)
 ParOldGen       total 90624K, used 89068K [0x00000000c0000000, 0x00000000c5880000, 0x00000000eab00000)
  object space 90624K, 98% used [0x00000000c0000000,0x00000000c56fb270,0x00000000c5880000)
 Metaspace       used 84093K, committed 85376K, reserved 1179648K
  class space    used 8635K, committed 9216K, reserved 1048576K
}
Event: 376.633 GC heap after
{Heap after GC invocations=819 (full 23):
 PSYoungGen      total 2048K, used 1009K [0x00000000eab00000, 0x00000000eb380000, 0x0000000100000000)
  eden space 1024K, 0% used [0x00000000eab00000,0x00000000eab00000,0x00000000eac00000)
  from space 1024K, 98% used [0x00000000eaf00000,0x00000000eaffc730,0x00000000eb000000)
  to   space 3072K, 0% used [0x00000000eac00000,0x00000000eac00000,0x00000000eaf00000)
 ParOldGen       total 90624K, used 90596K [0x00000000c0000000, 0x00000000c5880000, 0x00000000eab00000)
  object space 90624K, 99% used [0x00000000c0000000,0x00000000c5879270,0x00000000c5880000)
 Metaspace       used 84093K, committed 85376K, reserved 1179648K
  class space    used 8635K, committed 9216K, reserved 1048576K
}
Event: 376.633 GC heap before
{Heap before GC invocations=820 (full 24):
 PSYoungGen      total 2048K, used 1009K [0x00000000eab00000, 0x00000000eb380000, 0x0000000100000000)
  eden space 1024K, 0% used [0x00000000eab00000,0x00000000eab00000,0x00000000eac00000)
  from space 1024K, 98% used [0x00000000eaf00000,0x00000000eaffc730,0x00000000eb000000)
  to   space 3072K, 0% used [0x00000000eac00000,0x00000000eac00000,0x00000000eaf00000)
 ParOldGen       total 90624K, used 90596K [0x00000000c0000000, 0x00000000c5880000, 0x00000000eab00000)
  object space 90624K, 99% used [0x00000000c0000000,0x00000000c5879270,0x00000000c5880000)
 Metaspace       used 84093K, committed 85376K, reserved 1179648K
  class space    used 8635K, committed 9216K, reserved 1048576K
}

